2025-11-08 23:16:23 | INFO     | __init__             | ======================================================================
2025-11-08 23:16:23 | INFO     | __init__             | LOGGING SESSION STARTED: master_training
2025-11-08 23:16:23 | INFO     | __init__             | Log file: logs\master_training_20251108_231623.log
2025-11-08 23:16:23 | INFO     | __init__             | ======================================================================
2025-11-08 23:16:23 | INFO     | section              | 
2025-11-08 23:16:23 | INFO     | section              | ======================================================================
2025-11-08 23:16:23 | INFO     | section              | MULTI-MODEL STRESS DETECTION TRAINING
2025-11-08 23:16:23 | INFO     | section              | ======================================================================
2025-11-08 23:16:23 | INFO     | info                 | Training 3 models: MobileNetV2, EfficientNetB0, ResNet50V2
2025-11-08 23:16:23 | INFO     | info                 | Results directory: results
2025-11-08 23:16:23 | INFO     | info                 | Results directory created
2025-11-08 23:16:23 | INFO     | section              | 
2025-11-08 23:16:23 | INFO     | section              | ======================================================================
2025-11-08 23:16:23 | INFO     | section              | STEP 1: LOADING DATASET
2025-11-08 23:16:23 | INFO     | section              | ======================================================================
2025-11-08 23:16:23 | INFO     | subsection           | 
2025-11-08 23:16:23 | INFO     | subsection           | --- Creating Data Generators ---
2025-11-08 23:16:23 | INFO     | info                 | Setting up training data augmentation...
2025-11-08 23:16:23 | ERROR    | exception            | Error creating generators: [WinError 3] The system cannot find the path specified: 'original dataset\\train'
Traceback (most recent call last):
  File "c:\Users\asus\Desktop\strress prediction prjoecr\StressScape\Facial-stress-prediction\train_stress_model_enhanced.py", line 74, in create_generators
    train_gen = train_datagen.flow_from_directory(
  File "C:\Users\asus\AppData\Local\Programs\Python\Python310\lib\site-packages\keras\preprocessing\image.py", line 1650, in flow_from_directory
    return DirectoryIterator(
  File "C:\Users\asus\AppData\Local\Programs\Python\Python310\lib\site-packages\keras\preprocessing\image.py", line 563, in __init__
    for subdir in sorted(os.listdir(directory)):
FileNotFoundError: [WinError 3] The system cannot find the path specified: 'original dataset\\train'
2025-11-08 23:16:23 | ERROR    | exception            | Critical error in main training pipeline
Traceback (most recent call last):
  File "c:\Users\asus\Desktop\strress prediction prjoecr\StressScape\Facial-stress-prediction\train_stress_model_enhanced.py", line 423, in main
    train_gen, val_gen = create_generators(master_logger)
  File "c:\Users\asus\Desktop\strress prediction prjoecr\StressScape\Facial-stress-prediction\train_stress_model_enhanced.py", line 74, in create_generators
    train_gen = train_datagen.flow_from_directory(
  File "C:\Users\asus\AppData\Local\Programs\Python\Python310\lib\site-packages\keras\preprocessing\image.py", line 1650, in flow_from_directory
    return DirectoryIterator(
  File "C:\Users\asus\AppData\Local\Programs\Python\Python310\lib\site-packages\keras\preprocessing\image.py", line 563, in __init__
    for subdir in sorted(os.listdir(directory)):
FileNotFoundError: [WinError 3] The system cannot find the path specified: 'original dataset\\train'
2025-11-08 23:16:23 | INFO     | close                | 
2025-11-08 23:16:23 | INFO     | close                | ======================================================================
2025-11-08 23:16:23 | INFO     | close                | LOGGING SESSION ENDED
2025-11-08 23:16:23 | INFO     | close                | ======================================================================
